[debug] [2023-01-11T07:55:46.794Z] ----------------------------------------------------------------------
[debug] [2023-01-11T07:55:46.796Z] Command:       /usr/local/bin/node /usr/local/bin/firebase init
[debug] [2023-01-11T07:55:46.797Z] CLI Version:   11.20.0
[debug] [2023-01-11T07:55:46.797Z] Platform:      darwin
[debug] [2023-01-11T07:55:46.797Z] Node Version:  v18.12.1
[debug] [2023-01-11T07:55:46.800Z] Time:          Wed Jan 11 2023 13:25:46 GMT+0530 (India Standard Time)
[debug] [2023-01-11T07:55:46.800Z] ----------------------------------------------------------------------
[debug] 
[debug] [2023-01-11T07:55:46.809Z] > command requires scopes: ["email","openid","https://www.googleapis.com/auth/cloudplatformprojects.readonly","https://www.googleapis.com/auth/firebase","https://www.googleapis.com/auth/cloud-platform"]
[debug] [2023-01-11T07:55:46.811Z] > authorizing via signed-in user (vaibhavj.itpath@gmail.com)
[info] 
     ######## #### ########  ######## ########     ###     ######  ########
     ##        ##  ##     ## ##       ##     ##  ##   ##  ##       ##
     ######    ##  ########  ######   ########  #########  ######  ######
     ##        ##  ##    ##  ##       ##     ## ##     ##       ## ##
     ##       #### ##     ## ######## ########  ##     ##  ######  ########

You're about to initialize a Firebase project in this directory:

  /Users/ips-116/Documents/chat-app

[info] 
=== Project Setup
[info] 
[info] First, let's associate this project directory with a Firebase project.
[info] You can create multiple project aliases by running firebase use --add, 
[info] but for now we'll just set up a default project.
[info] 
[debug] [2023-01-11T07:57:07.818Z] >>> [apiv2][query] GET https://firebase.googleapis.com/v1beta1/projects pageSize=100
[debug] [2023-01-11T07:57:11.956Z] <<< [apiv2][status] GET https://firebase.googleapis.com/v1beta1/projects 200
[debug] [2023-01-11T07:57:11.956Z] <<< [apiv2][body] GET https://firebase.googleapis.com/v1beta1/projects [omitted]
[info] i  Using project chatapp-f3140 (chatapp) 
[info] 
=== Hosting Setup
[info] 
[info] Your public directory is the folder (relative to your project directory) that
[info] will contain Hosting assets to be uploaded with firebase deploy. If you
[info] have a build process for your assets, use your build's output directory.
[info] 
[info] ✔  Wrote public/404.html 
[debug] [2023-01-11T07:57:49.618Z] >>> [apiv2][query] GET https://www.gstatic.com/firebasejs/releases.json [none]
[debug] [2023-01-11T07:57:49.991Z] <<< [apiv2][status] GET https://www.gstatic.com/firebasejs/releases.json 200
[debug] [2023-01-11T07:57:49.991Z] <<< [apiv2][body] GET https://www.gstatic.com/firebasejs/releases.json {"current":{"version":"9.15.0","browserURL":"https://www.gstatic.com/firebasejs/9.15.0/firebase.js","packageURL":"https://www.gstatic.com/firebasejs/9.15.0/firebase.tgz"},"live":{"version":"9.15","browserURL":"https://www.gstatic.com/firebasejs/live/9.15/firebase.js","packageURL":"https://www.gstatic.com/firebasejs/live/9.15/firebase.tgz"},"components":{"analytics":"https://www.gstatic.com/firebasejs/9.15.0/firebase-analytics.js","app":"https://www.gstatic.com/firebasejs/9.15.0/firebase-app.js","app-check":"https://www.gstatic.com/firebasejs/9.15.0/firebase-app-check.js","auth":"https://www.gstatic.com/firebasejs/9.15.0/firebase-auth.js","auth/cordova":"https://www.gstatic.com/firebasejs/9.15.0/firebase-auth/cordova.js","auth/react-native":"https://www.gstatic.com/firebasejs/9.15.0/firebase-auth/react-native.js","functions":"https://www.gstatic.com/firebasejs/9.15.0/firebase-functions.js","firestore":"https://www.gstatic.com/firebasejs/9.15.0/firebase-firestore.js","firestore/lite":"https://www.gstatic.com/firebasejs/9.15.0/firebase-firestore/lite.js","installations":"https://www.gstatic.com/firebasejs/9.15.0/firebase-installations.js","storage":"https://www.gstatic.com/firebasejs/9.15.0/firebase-storage.js","performance":"https://www.gstatic.com/firebasejs/9.15.0/firebase-performance.js","remote-config":"https://www.gstatic.com/firebasejs/9.15.0/firebase-remote-config.js","messaging":"https://www.gstatic.com/firebasejs/9.15.0/firebase-messaging.js","messaging/sw":"https://www.gstatic.com/firebasejs/9.15.0/firebase-messaging/sw.js","database":"https://www.gstatic.com/firebasejs/9.15.0/firebase-database.js","firestore.memory":"https://www.gstatic.com/firebasejs/9.15.0/firebase-firestore.memory.js"}}
[info] ✔  Wrote public/index.html 
[info] 
[info] i  Detected a .git folder at /Users/ips-116/Documents/chat-app 
[info] i  Authorizing with GitHub to upload your service account to a GitHub repository's secrets store. 
[info] 
[info] Visit this URL on this device to log in:
[info] https://github.com/login/oauth/authorize?client_id=89cf50f02ac6aaed3484&state=709133859&redirect_uri=http%3A%2F%2Flocalhost%3A9005&scope=read%3Auser%20repo%20public_repo
[info] 
[info] Waiting for authentication...
[debug] [2023-01-11T07:58:23.457Z] >>> [apiv2][query] POST https://github.com/login/oauth/access_token [none]
[debug] [2023-01-11T07:58:23.457Z] >>> [apiv2][body] POST https://github.com/login/oauth/access_token [stream]
[debug] [2023-01-11T07:58:24.077Z] <<< [apiv2][status] POST https://github.com/login/oauth/access_token 200
[debug] [2023-01-11T07:58:24.077Z] <<< [apiv2][body] POST https://github.com/login/oauth/access_token {"access_token":"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","token_type":"bearer","scope":"read:user,repo"}
[debug] [2023-01-11T07:58:24.083Z] >>> [apiv2][query] GET https://api.github.com/user [none]
[debug] [2023-01-11T07:58:24.720Z] <<< [apiv2][status] GET https://api.github.com/user 200
[debug] [2023-01-11T07:58:24.720Z] <<< [apiv2][body] GET https://api.github.com/user {"login":"vaibhavjoshi-tech","id":120093520,"node_id":"U_kgDOByh7UA","avatar_url":"https://avatars.githubusercontent.com/u/120093520?v=4","gravatar_id":"","url":"https://api.github.com/users/vaibhavjoshi-tech","html_url":"https://github.com/vaibhavjoshi-tech","followers_url":"https://api.github.com/users/vaibhavjoshi-tech/followers","following_url":"https://api.github.com/users/vaibhavjoshi-tech/following{/other_user}","gists_url":"https://api.github.com/users/vaibhavjoshi-tech/gists{/gist_id}","starred_url":"https://api.github.com/users/vaibhavjoshi-tech/starred{/owner}{/repo}","subscriptions_url":"https://api.github.com/users/vaibhavjoshi-tech/subscriptions","organizations_url":"https://api.github.com/users/vaibhavjoshi-tech/orgs","repos_url":"https://api.github.com/users/vaibhavjoshi-tech/repos","events_url":"https://api.github.com/users/vaibhavjoshi-tech/events{/privacy}","received_events_url":"https://api.github.com/users/vaibhavjoshi-tech/received_events","type":"User","site_admin":false,"name":null,"company":null,"blog":"","location":null,"email":null,"hireable":null,"bio":null,"twitter_username":null,"public_repos":2,"public_gists":0,"followers":0,"following":0,"created_at":"2022-12-08T09:27:21Z","updated_at":"2022-12-08T10:20:52Z","private_gists":0,"total_private_repos":1,"owned_private_repos":1,"disk_usage":3378,"collaborators":0,"two_factor_authentication":false,"plan":{"name":"free","space":976562499,"collaborators":0,"private_repos":10000}}
[info] 
[info] ✔  Success! Logged into GitHub as vaibhavjoshi-tech 
[info] 
